Analysis & Synthesis report for StepperMotor
Tue Mar 11 22:09:43 2014
Quartus II Version 7.0 Build 33 02/05/2007 SJ Full Version


---------------------
; Table of Contents ;
---------------------
  1. Legal Notice
  2. Analysis & Synthesis Summary
  3. Analysis & Synthesis Settings
  4. Analysis & Synthesis Source Files Read
  5. Analysis & Synthesis Resource Usage Summary
  6. Analysis & Synthesis Resource Utilization by Entity
  7. General Register Statistics
  8. Multiplexer Restructuring Statistics (Restructuring Performed)
  9. Analysis & Synthesis Messages



----------------
; Legal Notice ;
----------------
Copyright (C) 1991-2007 Altera Corporation
Your use of Altera Corporation's design tools, logic functions 
and other software and tools, and its AMPP partner logic 
functions, and any output files from any of the foregoing 
(including device programming or simulation files), and any 
associated documentation or information are expressly subject 
to the terms and conditions of the Altera Program License 
Subscription Agreement, Altera MegaCore Function License 
Agreement, or other applicable license agreement, including, 
without limitation, that your use is for the sole purpose of 
programming logic devices manufactured by Altera and sold by 
Altera or its authorized distributors.  Please refer to the 
applicable agreement for further details.



+------------------------------------------------------------------------------+
; Analysis & Synthesis Summary                                                 ;
+------------------------------------+-----------------------------------------+
; Analysis & Synthesis Status        ; Successful - Tue Mar 11 22:09:43 2014   ;
; Quartus II Version                 ; 7.0 Build 33 02/05/2007 SJ Full Version ;
; Revision Name                      ; StepperMotor                            ;
; Top-level Entity Name              ; StepperMotor                            ;
; Family                             ; Cyclone II                              ;
; Total logic elements               ; 44                                      ;
;     Total combinational functions  ; 44                                      ;
;     Dedicated logic registers      ; 29                                      ;
; Total registers                    ; N/A until Partition Merge               ;
; Total pins                         ; N/A until Partition Merge               ;
; Total virtual pins                 ; N/A until Partition Merge               ;
; Total memory bits                  ; N/A until Partition Merge               ;
; Embedded Multiplier 9-bit elements ; N/A until Partition Merge               ;
; Total PLLs                         ; N/A until Partition Merge               ;
+------------------------------------+-----------------------------------------+


+--------------------------------------------------------------------------------------------------------------+
; Analysis & Synthesis Settings                                                                                ;
+--------------------------------------------------------------------+--------------------+--------------------+
; Option                                                             ; Setting            ; Default Value      ;
+--------------------------------------------------------------------+--------------------+--------------------+
; Device                                                             ; EP2C35F672C6       ;                    ;
; Top-level entity name                                              ; StepperMotor       ; StepperMotor       ;
; Family name                                                        ; Cyclone II         ; Stratix            ;
; Restructure Multiplexers                                           ; Auto               ; Auto               ;
; Create Debugging Nodes for IP Cores                                ; Off                ; Off                ;
; Preserve fewer node names                                          ; On                 ; On                 ;
; Disable OpenCore Plus hardware evaluation                          ; Off                ; Off                ;
; Verilog Version                                                    ; Verilog_2001       ; Verilog_2001       ;
; VHDL Version                                                       ; VHDL93             ; VHDL93             ;
; State Machine Processing                                           ; Auto               ; Auto               ;
; Safe State Machine                                                 ; Off                ; Off                ;
; Extract Verilog State Machines                                     ; On                 ; On                 ;
; Extract VHDL State Machines                                        ; On                 ; On                 ;
; Ignore Verilog initial constructs                                  ; Off                ; Off                ;
; Add Pass-Through Logic to Inferred RAMs                            ; On                 ; On                 ;
; DSP Block Balancing                                                ; Auto               ; Auto               ;
; NOT Gate Push-Back                                                 ; On                 ; On                 ;
; Power-Up Don't Care                                                ; On                 ; On                 ;
; Remove Redundant Logic Cells                                       ; Off                ; Off                ;
; Remove Duplicate Registers                                         ; On                 ; On                 ;
; Ignore CARRY Buffers                                               ; Off                ; Off                ;
; Ignore CASCADE Buffers                                             ; Off                ; Off                ;
; Ignore GLOBAL Buffers                                              ; Off                ; Off                ;
; Ignore ROW GLOBAL Buffers                                          ; Off                ; Off                ;
; Ignore LCELL Buffers                                               ; Off                ; Off                ;
; Ignore SOFT Buffers                                                ; On                 ; On                 ;
; Limit AHDL Integers to 32 Bits                                     ; Off                ; Off                ;
; Optimization Technique -- Cyclone II                               ; Balanced           ; Balanced           ;
; Carry Chain Length -- Stratix/Stratix GX/Cyclone/MAX II/Cyclone II ; 70                 ; 70                 ;
; Auto Carry Chains                                                  ; On                 ; On                 ;
; Auto Open-Drain Pins                                               ; On                 ; On                 ;
; Perform WYSIWYG Primitive Resynthesis                              ; Off                ; Off                ;
; Perform gate-level register retiming                               ; Off                ; Off                ;
; Allow register retiming to trade off Tsu/Tco with Fmax             ; On                 ; On                 ;
; Auto ROM Replacement                                               ; On                 ; On                 ;
; Auto RAM Replacement                                               ; On                 ; On                 ;
; Auto Shift Register Replacement                                    ; On                 ; On                 ;
; Auto Clock Enable Replacement                                      ; On                 ; On                 ;
; Allow Synchronous Control Signals                                  ; On                 ; On                 ;
; Force Use of Synchronous Clear Signals                             ; Off                ; Off                ;
; Auto RAM to Logic Cell Conversion                                  ; Off                ; Off                ;
; Auto Resource Sharing                                              ; Off                ; Off                ;
; Allow Any RAM Size For Recognition                                 ; Off                ; Off                ;
; Allow Any ROM Size For Recognition                                 ; Off                ; Off                ;
; Allow Any Shift Register Size For Recognition                      ; Off                ; Off                ;
; Ignore translate_off and synthesis_off directives                  ; Off                ; Off                ;
; Show Parameter Settings Tables in Synthesis Report                 ; On                 ; On                 ;
; Ignore Maximum Fan-Out Assignments                                 ; Off                ; Off                ;
; Retiming Meta-Stability Register Sequence Length                   ; 2                  ; 2                  ;
; PowerPlay Power Optimization                                       ; Normal compilation ; Normal compilation ;
; HDL message level                                                  ; Level2             ; Level2             ;
; Suppress Register Optimization Related Messages                    ; Off                ; Off                ;
; Number of Removed Registers Reported in Synthesis Report           ; 100                ; 100                ;
; Use smart compilation                                              ; Off                ; Off                ;
+--------------------------------------------------------------------+--------------------+--------------------+


+------------------------------------------------------------------------------------------------------------------------------------------------+
; Analysis & Synthesis Source Files Read                                                                                                         ;
+----------------------------------+-----------------+------------------------------------+------------------------------------------------------+
; File Name with User-Entered Path ; Used in Netlist ; File Type                          ; File Name with Absolute Path                         ;
+----------------------------------+-----------------+------------------------------------+------------------------------------------------------+
; StepperMotor.bdf                 ; yes             ; User Block Diagram/Schematic File  ; C:/ALTERA/Altera/Project/MY/SteperM/StepperMotor.bdf ;
; StepperMotor.vhd                 ; yes             ; User VHDL File                     ; C:/ALTERA/Altera/Project/MY/SteperM/StepperMotor.vhd ;
+----------------------------------+-----------------+------------------------------------+------------------------------------------------------+


+----------------------------------------------------------------------------+
; Analysis & Synthesis Resource Usage Summary                                ;
+---------------------------------------------+------------------------------+
; Resource                                    ; Usage                        ;
+---------------------------------------------+------------------------------+
; Estimated Total logic elements              ; 44                           ;
;                                             ;                              ;
; Total combinational functions               ; 44                           ;
; Logic element usage by number of LUT inputs ;                              ;
;     -- 4 input functions                    ; 10                           ;
;     -- 3 input functions                    ; 2                            ;
;     -- <=2 input functions                  ; 32                           ;
;                                             ;                              ;
; Logic elements by mode                      ;                              ;
;     -- normal mode                          ; 19                           ;
;     -- arithmetic mode                      ; 25                           ;
;                                             ;                              ;
; Total registers                             ; 29                           ;
;     -- Dedicated logic registers            ; 29                           ;
;     -- I/O registers                        ; 0                            ;
;                                             ;                              ;
; I/O pins                                    ; 0                            ;
; Maximum fan-out node                        ; SteperMotor:inst14|count~334 ;
; Maximum fan-out                             ; 27                           ;
; Total fan-out                               ; 199                          ;
; Average fan-out                             ; 2.40                         ;
+---------------------------------------------+------------------------------+


+---------------------------------------------------------------------------------------------------------------------------------------------------------------------------+
; Analysis & Synthesis Resource Utilization by Entity                                                                                                                       ;
+----------------------------+-------------------+--------------+-------------+--------------+---------+-----------+------+--------------+----------------------------------+
; Compilation Hierarchy Node ; LC Combinationals ; LC Registers ; Memory Bits ; DSP Elements ; DSP 9x9 ; DSP 18x18 ; Pins ; Virtual Pins ; Full Hierarchy Name              ;
+----------------------------+-------------------+--------------+-------------+--------------+---------+-----------+------+--------------+----------------------------------+
; |StepperMotor              ; 44 (4)            ; 29 (2)       ; 0           ; 0            ; 0       ; 0         ; 0    ; 0            ; |StepperMotor                    ;
;    |SteperMotor:inst14|    ; 40 (40)           ; 27 (27)      ; 0           ; 0            ; 0       ; 0         ; 0    ; 0            ; |StepperMotor|SteperMotor:inst14 ;
+----------------------------+-------------------+--------------+-------------+--------------+---------+-----------+------+--------------+----------------------------------+
Note: For table entries with two numbers listed, the numbers in parentheses indicate the number of resources of the given type used by the specific entity alone. The numbers listed outside of parentheses indicate the total resources of the given type used by the specific entity and all of its sub-entities in the hierarchy.


+------------------------------------------------------+
; General Register Statistics                          ;
+----------------------------------------------+-------+
; Statistic                                    ; Value ;
+----------------------------------------------+-------+
; Total registers                              ; 29    ;
; Number of registers using Synchronous Clear  ; 26    ;
; Number of registers using Synchronous Load   ; 0     ;
; Number of registers using Asynchronous Clear ; 0     ;
; Number of registers using Asynchronous Load  ; 0     ;
; Number of registers using Clock Enable       ; 0     ;
; Number of registers using Preset             ; 0     ;
+----------------------------------------------+-------+


+--------------------------------------------------------------------------------------------------------------------------------------------------------------------+
; Multiplexer Restructuring Statistics (Restructuring Performed)                                                                                                     ;
+--------------------+-----------+---------------+----------------------+------------------------+------------+------------------------------------------------------+
; Multiplexer Inputs ; Bus Width ; Baseline Area ; Area if Restructured ; Saving if Restructured ; Registered ; Example Multiplexer Output                           ;
+--------------------+-----------+---------------+----------------------+------------------------+------------+------------------------------------------------------+
; 3:1                ; 26 bits   ; 52 LEs        ; 26 LEs               ; 26 LEs                 ; Yes        ; |StepperMotor|SteperMotor:inst14|\compteur:count[25] ;
+--------------------+-----------+---------------+----------------------+------------------------+------------+------------------------------------------------------+


+-------------------------------+
; Analysis & Synthesis Messages ;
+-------------------------------+
Info: *******************************************************************
Info: Running Quartus II Analysis & Synthesis
    Info: Version 7.0 Build 33 02/05/2007 SJ Full Version
    Info: Processing started: Tue Mar 11 22:09:42 2014
Info: Command: quartus_map --read_settings_files=on --write_settings_files=off StepperMotor -c StepperMotor
Info: Found 1 design units, including 1 entities, in source file StepperMotor.bdf
    Info: Found entity 1: StepperMotor
Info: Found 1 design units, including 1 entities, in source file StepperMotor1.bdf
    Info: Found entity 1: StepperMotor1
Info: Found 1 design units, including 1 entities, in source file jk.bdf
    Info: Found entity 1: jk
Warning: Entity "nand" will be ignored because it conflicts with Quartus II primitive name
Info: Found 1 design units, including 1 entities, in source file nand.bdf
Info: Found 1 design units, including 1 entities, in source file simple_counter.v
    Info: Found entity 1: simple_counter
Info: Found 2 design units, including 1 entities, in source file StepperMotor.vhd
    Info: Found design unit 1: SteperMotor-RTL
    Info: Found entity 1: SteperMotor
Warning: Entity "dff" will be ignored because it conflicts with Quartus II primitive name
Info: Found 1 design units, including 1 entities, in source file dff.bdf
Info: Found 1 design units, including 1 entities, in source file StepperMotor2.bdf
    Info: Found entity 1: StepperMotor2
Info: Elaborating entity "StepperMotor" for the top level hierarchy
Warning: Not all bits are used
Info: Elaborating entity "SteperMotor" for hierarchy "SteperMotor:inst14"
Info: Implemented 54 device resources after synthesis - the final resource count might be different
    Info: Implemented 2 input pins
    Info: Implemented 8 output pins
    Info: Implemented 44 logic cells
Info: Quartus II Analysis & Synthesis was successful. 0 errors, 3 warnings
    Info: Allocated 140 megabytes of memory during processing
    Info: Processing ended: Tue Mar 11 22:09:43 2014
    Info: Elapsed time: 00:00:01


