Flow report for StepperMotor
Tue Mar 11 22:10:05 2014
Quartus II Version 7.0 Build 33 02/05/2007 SJ Full Version


---------------------
; Table of Contents ;
---------------------
  1. Legal Notice
  2. Flow Summary
  3. Flow Settings
  4. Flow Non-Default Global Settings
  5. Flow Elapsed Time
  6. Flow Log



----------------
; Legal Notice ;
----------------
Copyright (C) 1991-2007 Altera Corporation
Your use of Altera Corporation's design tools, logic functions 
and other software and tools, and its AMPP partner logic 
functions, and any output files from any of the foregoing 
(including device programming or simulation files), and any 
associated documentation or information are expressly subject 
to the terms and conditions of the Altera Program License 
Subscription Agreement, Altera MegaCore Function License 
Agreement, or other applicable license agreement, including, 
without limitation, that your use is for the sole purpose of 
programming logic devices manufactured by Altera and sold by 
Altera or its authorized distributors.  Please refer to the 
applicable agreement for further details.



+------------------------------------------------------------------------------+
; Flow Summary                                                                 ;
+------------------------------------+-----------------------------------------+
; Flow Status                        ; Successful - Tue Mar 11 22:10:03 2014   ;
; Quartus II Version                 ; 7.0 Build 33 02/05/2007 SJ Full Version ;
; Revision Name                      ; StepperMotor                            ;
; Top-level Entity Name              ; StepperMotor                            ;
; Family                             ; Cyclone II                              ;
; Device                             ; EP2C35F672C6                            ;
; Timing Models                      ; Final                                   ;
; Met timing requirements            ; N/A                                     ;
; Total logic elements               ; 42 / 33,216 ( < 1 % )                   ;
;     Total combinational functions  ; 42 / 33,216 ( < 1 % )                   ;
;     Dedicated logic registers      ; 29 / 33,216 ( < 1 % )                   ;
; Total registers                    ; 29                                      ;
; Total pins                         ; 10 / 475 ( 2 % )                        ;
; Total virtual pins                 ; 0                                       ;
; Total memory bits                  ; 0 / 483,840 ( 0 % )                     ;
; Embedded Multiplier 9-bit elements ; 0 / 70 ( 0 % )                          ;
; Total PLLs                         ; 0 / 4 ( 0 % )                           ;
+------------------------------------+-----------------------------------------+


+-----------------------------------------+
; Flow Settings                           ;
+-------------------+---------------------+
; Option            ; Setting             ;
+-------------------+---------------------+
; Start date & time ; 03/11/2014 22:09:42 ;
; Main task         ; Compilation         ;
; Revision Name     ; StepperMotor        ;
+-------------------+---------------------+


+------------------------------------------------------------------------------------------------------+
; Flow Non-Default Global Settings                                                                     ;
+-------------------------------+---------------------------+---------------+-------------+------------+
; Assignment Name               ; Value                     ; Default Value ; Entity Name ; Section Id ;
+-------------------------------+---------------------------+---------------+-------------+------------+
; PARTITION_NETLIST_TYPE        ; SOURCE                    ; --            ; --          ; Top        ;
; USER_LIBRARIES                ; C:\ALTERA\Altera\Project/ ; --            ; --          ; --         ;
; USE_TIMEQUEST_TIMING_ANALYZER ; On                        ; --            ; --          ; --         ;
+-------------------------------+---------------------------+---------------+-------------+------------+


+------------------------------------------+
; Flow Elapsed Time                        ;
+---------------------------+--------------+
; Module Name               ; Elapsed Time ;
+---------------------------+--------------+
; Analysis & Synthesis      ; 00:00:01     ;
; Partition Merge           ; 00:00:00     ;
; Fitter                    ; 00:00:08     ;
; Assembler                 ; 00:00:09     ;
; TimeQuest Timing Analyzer ; 00:00:01     ;
; Total                     ; 00:00:19     ;
+---------------------------+--------------+


------------
; Flow Log ;
------------
quartus_map --read_settings_files=on --write_settings_files=off StepperMotor -c StepperMotor
quartus_cdb --read_settings_files=off --write_settings_files=off StepperMotor -c StepperMotor --merge=on
quartus_fit --read_settings_files=off --write_settings_files=off StepperMotor -c StepperMotor
quartus_asm --read_settings_files=off --write_settings_files=off StepperMotor -c StepperMotor



